0 info it worked if it ends with ok
1 verbose cli [ '/Users/Gavin/.nvm/versions/node/v5.7.0/bin/node',
1 verbose cli   '/Users/Gavin/.nvm/versions/node/v5.7.0/bin/npm',
1 verbose cli   'run',
1 verbose cli   'start' ]
2 info using npm@3.6.0
3 info using node@v5.7.0
4 verbose run-script [ 'prestart', 'start', 'poststart' ]
5 info lifecycle d3-playground@1.0.0~prestart: d3-playground@1.0.0
6 silly lifecycle d3-playground@1.0.0~prestart: no script for prestart, continuing
7 info lifecycle d3-playground@1.0.0~start: d3-playground@1.0.0
8 verbose lifecycle d3-playground@1.0.0~start: unsafe-perm in lifecycle true
9 verbose lifecycle d3-playground@1.0.0~start: PATH: /Users/Gavin/.nvm/versions/node/v5.7.0/lib/node_modules/npm/bin/node-gyp-bin:/Users/Gavin/Documents/d3-playground/node_modules/.bin:/Users/Gavin/.nvm/versions/node/v5.7.0/bin:/Applications/Postgres.app/Contents/Versions/latest/bin:/Applications/Postgres.app/Contents/Versions/latest/bin:/usr/local/var/rbenv/shims:/Users/Gavin/.rbenv/bin:/usr/local/bin:/usr/bin:/bin:/usr/sbin:/sbin:/opt/X11/bin:/usr/local/go/bin:.git/safe/../../bin:/Users/Gavin/.bin:/usr/local/sbin
10 verbose lifecycle d3-playground@1.0.0~start: CWD: /Users/Gavin/Documents/d3-playground
11 silly lifecycle d3-playground@1.0.0~start: Args: [ '-c', 'npm run webpack | npm run serve' ]
12 silly lifecycle d3-playground@1.0.0~start: Returned: code: 1  signal: null
13 info lifecycle d3-playground@1.0.0~start: Failed to exec start script
14 verbose stack Error: d3-playground@1.0.0 start: `npm run webpack | npm run serve`
14 verbose stack Exit status 1
14 verbose stack     at EventEmitter.<anonymous> (/Users/Gavin/.nvm/versions/node/v5.7.0/lib/node_modules/npm/lib/utils/lifecycle.js:232:16)
14 verbose stack     at emitTwo (events.js:100:13)
14 verbose stack     at EventEmitter.emit (events.js:185:7)
14 verbose stack     at ChildProcess.<anonymous> (/Users/Gavin/.nvm/versions/node/v5.7.0/lib/node_modules/npm/lib/utils/spawn.js:24:14)
14 verbose stack     at emitTwo (events.js:100:13)
14 verbose stack     at ChildProcess.emit (events.js:185:7)
14 verbose stack     at maybeClose (internal/child_process.js:827:16)
14 verbose stack     at Process.ChildProcess._handle.onexit (internal/child_process.js:211:5)
15 verbose pkgid d3-playground@1.0.0
16 verbose cwd /Users/Gavin/Documents/d3-playground
17 error Darwin 15.2.0
18 error argv "/Users/Gavin/.nvm/versions/node/v5.7.0/bin/node" "/Users/Gavin/.nvm/versions/node/v5.7.0/bin/npm" "run" "start"
19 error node v5.7.0
20 error npm  v3.6.0
21 error code ELIFECYCLE
22 error d3-playground@1.0.0 start: `npm run webpack | npm run serve`
22 error Exit status 1
23 error Failed at the d3-playground@1.0.0 start script 'npm run webpack | npm run serve'.
23 error Make sure you have the latest version of node.js and npm installed.
23 error If you do, this is most likely a problem with the d3-playground package,
23 error not with npm itself.
23 error Tell the author that this fails on your system:
23 error     npm run webpack | npm run serve
23 error You can get information on how to open an issue for this project with:
23 error     npm bugs d3-playground
23 error Or if that isn't available, you can get their info via:
23 error     npm owner ls d3-playground
23 error There is likely additional logging output above.
24 verbose exit [ 1, true ]
